[0.000000] (-) TimerEvent: {}
[0.000129] (my_package) JobQueued: {'identifier': 'my_package', 'dependencies': OrderedDict([('my_package', '/home/sondre/ros2_ws/src/install/my_package')])}
[0.000168] (my_package) JobStarted: {'identifier': 'my_package'}
[0.099056] (-) TimerEvent: {}
[0.199353] (-) TimerEvent: {}
[0.299696] (-) TimerEvent: {}
[0.319157] (my_package) Command: {'cmd': ['/usr/bin/python3', '-m', 'pytest'], 'cwd': '/home/sondre/ros2_ws/src/my_package', 'env': {'LESSOPEN': '| /usr/bin/lesspipe %s', 'USER': 'sondre', 'LC_TIME': 'nb_NO.UTF-8', 'XDG_SESSION_TYPE': 'wayland', 'SHLVL': '1', 'LD_LIBRARY_PATH': '/opt/ros/humble/opt/rviz_ogre_vendor/lib:/opt/ros/humble/lib/x86_64-linux-gnu:/opt/ros/humble/lib', 'HOME': '/home/sondre', 'OLDPWD': '/home/sondre/ros2_ws', 'DESKTOP_SESSION': 'ubuntu', 'ROS_PYTHON_VERSION': '3', 'GNOME_SHELL_SESSION_MODE': 'ubuntu', 'GTK_MODULES': 'gail:atk-bridge', 'LC_MONETARY': 'nb_NO.UTF-8', 'SYSTEMD_EXEC_PID': '1747', 'DBUS_SESSION_BUS_ADDRESS': 'unix:path=/run/user/1000/bus', 'COLORTERM': 'truecolor', '_colcon_cd_root': '/opt/ros/humble/', 'IM_CONFIG_PHASE': '1', 'WAYLAND_DISPLAY': 'wayland-0', 'ROS_DISTRO': 'humble', 'LOGNAME': 'sondre', '_': '/usr/bin/colcon', 'ROS_VERSION': '2', 'XDG_SESSION_CLASS': 'user', 'USERNAME': 'sondre', 'TERM': 'xterm-256color', 'GNOME_DESKTOP_SESSION_ID': 'this-is-deprecated', 'ROS_LOCALHOST_ONLY': '0', 'PATH': '/opt/ros/humble/bin:/usr/local/sbin:/usr/local/bin:/usr/sbin:/usr/bin:/sbin:/bin:/usr/games:/usr/local/games:/snap/bin:/snap/bin', 'SESSION_MANAGER': 'local/Ubuntu-SH:@/tmp/.ICE-unix/1690,unix/Ubuntu-SH:/tmp/.ICE-unix/1690', 'XDG_MENU_PREFIX': 'gnome-', 'LC_ADDRESS': 'nb_NO.UTF-8', 'GNOME_TERMINAL_SCREEN': '/org/gnome/Terminal/screen/d7a539bf_e235_4977_b6ec_9f6b23d3d146', 'GNOME_SETUP_DISPLAY': ':1', 'XDG_RUNTIME_DIR': '/run/user/1000', 'DISPLAY': ':0', 'LANG': 'en_US.UTF-8', 'XDG_CURRENT_DESKTOP': 'ubuntu:GNOME', 'LC_TELEPHONE': 'nb_NO.UTF-8', 'XMODIFIERS': '@im=ibus', 'XDG_SESSION_DESKTOP': 'ubuntu', 'XAUTHORITY': '/run/user/1000/.mutter-Xwaylandauth.S1XOC2', 'LS_COLORS': 'rs=0:di=01;34:ln=01;36:mh=00:pi=40;33:so=01;35:do=01;35:bd=40;33;01:cd=40;33;01:or=40;31;01:mi=00:su=37;41:sg=30;43:ca=30;41:tw=30;42:ow=34;42:st=37;44:ex=01;32:*.tar=01;31:*.tgz=01;31:*.arc=01;31:*.arj=01;31:*.taz=01;31:*.lha=01;31:*.lz4=01;31:*.lzh=01;31:*.lzma=01;31:*.tlz=01;31:*.txz=01;31:*.tzo=01;31:*.t7z=01;31:*.zip=01;31:*.z=01;31:*.dz=01;31:*.gz=01;31:*.lrz=01;31:*.lz=01;31:*.lzo=01;31:*.xz=01;31:*.zst=01;31:*.tzst=01;31:*.bz2=01;31:*.bz=01;31:*.tbz=01;31:*.tbz2=01;31:*.tz=01;31:*.deb=01;31:*.rpm=01;31:*.jar=01;31:*.war=01;31:*.ear=01;31:*.sar=01;31:*.rar=01;31:*.alz=01;31:*.ace=01;31:*.zoo=01;31:*.cpio=01;31:*.7z=01;31:*.rz=01;31:*.cab=01;31:*.wim=01;31:*.swm=01;31:*.dwm=01;31:*.esd=01;31:*.jpg=01;35:*.jpeg=01;35:*.mjpg=01;35:*.mjpeg=01;35:*.gif=01;35:*.bmp=01;35:*.pbm=01;35:*.pgm=01;35:*.ppm=01;35:*.tga=01;35:*.xbm=01;35:*.xpm=01;35:*.tif=01;35:*.tiff=01;35:*.png=01;35:*.svg=01;35:*.svgz=01;35:*.mng=01;35:*.pcx=01;35:*.mov=01;35:*.mpg=01;35:*.mpeg=01;35:*.m2v=01;35:*.mkv=01;35:*.webm=01;35:*.webp=01;35:*.ogm=01;35:*.mp4=01;35:*.m4v=01;35:*.mp4v=01;35:*.vob=01;35:*.qt=01;35:*.nuv=01;35:*.wmv=01;35:*.asf=01;35:*.rm=01;35:*.rmvb=01;35:*.flc=01;35:*.avi=01;35:*.fli=01;35:*.flv=01;35:*.gl=01;35:*.dl=01;35:*.xcf=01;35:*.xwd=01;35:*.yuv=01;35:*.cgm=01;35:*.emf=01;35:*.ogv=01;35:*.ogx=01;35:*.aac=00;36:*.au=00;36:*.flac=00;36:*.m4a=00;36:*.mid=00;36:*.midi=00;36:*.mka=00;36:*.mp3=00;36:*.mpc=00;36:*.ogg=00;36:*.ra=00;36:*.wav=00;36:*.oga=00;36:*.opus=00;36:*.spx=00;36:*.xspf=00;36:', 'GNOME_TERMINAL_SERVICE': ':1.202', 'SSH_AGENT_LAUNCHER': 'gnome-keyring', 'SSH_AUTH_SOCK': '/run/user/1000/keyring/ssh', 'AMENT_PREFIX_PATH': '/home/sondre/ros2_ws/src/install/my_package:/opt/ros/humble', 'SHELL': '/bin/bash', 'LC_NAME': 'nb_NO.UTF-8', 'QT_ACCESSIBILITY': '1', 'GDMSESSION': 'ubuntu', 'LESSCLOSE': '/usr/bin/lesspipe %s %s', 'LC_MEASUREMENT': 'nb_NO.UTF-8', 'LC_IDENTIFICATION': 'nb_NO.UTF-8', 'QT_IM_MODULE': 'ibus', 'PWD': '/home/sondre/ros2_ws/src/build/my_package', 'XDG_CONFIG_DIRS': '/etc/xdg/xdg-ubuntu:/etc/xdg', 'XDG_DATA_DIRS': '/usr/share/ubuntu:/usr/local/share/:/usr/share/:/var/lib/snapd/desktop', 'PYTHONPATH': '/home/sondre/ros2_ws/src/install/my_package/lib/python3.10/site-packages:/opt/ros/humble/lib/python3.10/site-packages:/opt/ros/humble/local/lib/python3.10/dist-packages', 'LC_NUMERIC': 'nb_NO.UTF-8', 'LC_PAPER': 'nb_NO.UTF-8', 'COLCON': '1', 'VTE_VERSION': '6800', 'PYTEST_ADDOPTS': '--tb=short --junit-xml=/home/sondre/ros2_ws/src/build/my_package/pytest.xml --junit-prefix=my_package -o cache_dir=/home/sondre/ros2_ws/src/build/my_package/.pytest_cache'}, 'shell': False}
[0.399800] (-) TimerEvent: {}
[0.500181] (-) TimerEvent: {}
[0.600842] (-) TimerEvent: {}
[0.701166] (-) TimerEvent: {}
[0.740042] (my_package) StdoutLine: {'line': b'\x1b[1m============================= test session starts ==============================\x1b[0m\n'}
[0.740278] (my_package) StdoutLine: {'line': b'platform linux -- Python 3.10.12, pytest-6.2.5, py-1.10.0, pluggy-0.13.0\n'}
[0.745118] (my_package) StdoutLine: {'line': b'cachedir: /home/sondre/ros2_ws/src/build/my_package/.pytest_cache\n'}
[0.745318] (my_package) StdoutLine: {'line': b'rootdir: /home/sondre/ros2_ws/src/my_package\n'}
[0.745452] (my_package) StdoutLine: {'line': b'plugins: ament-lint-0.12.8, ament-pep257-0.12.8, ament-flake8-0.12.8, launch-testing-1.0.4, ament-copyright-0.12.8, ament-xmllint-0.12.8, launch-testing-ros-0.19.6, colcon-core-0.15.0, cov-3.0.0\n'}
[0.801434] (-) TimerEvent: {}
[0.901779] (-) TimerEvent: {}
[0.952666] (my_package) StdoutLine: {'line': b'\x1b[1mcollecting ... \x1b[0m\x1b[1m\n'}
[0.952880] (my_package) StdoutLine: {'line': b'collected 5 items                                                              \x1b[0m\n'}
[0.953118] (my_package) StdoutLine: {'line': b'\n'}
[0.960390] (my_package) StdoutLine: {'line': b'test/test_copyright.py \x1b[33ms\x1b[0m\x1b[32m                                                 [ 20%]\x1b[0m\n'}
[1.001855] (-) TimerEvent: {}
[1.047304] (my_package) StdoutLine: {'line': b'test/test_flake8.py \x1b[32m.\x1b[0m\x1b[33m                                                    [ 40%]\x1b[0m\n'}
[1.077699] (my_package) StdoutLine: {'line': b'test/test_math.py \x1b[31mF\x1b[0m\x1b[32m.\x1b[0m\x1b[31m                                                     [ 80%]\x1b[0m\n'}
[1.095338] (my_package) StdoutLine: {'line': b'test/test_pep257.py \x1b[32m.\x1b[0m\x1b[31m                                                    [100%]\x1b[0m\n'}
[1.095557] (my_package) StdoutLine: {'line': b'\n'}
[1.095749] (my_package) StdoutLine: {'line': b'=================================== FAILURES ===================================\n'}
[1.095878] (my_package) StdoutLine: {'line': b'\x1b[31m\x1b[1m___________________________________ test_add ___________________________________\x1b[0m\n'}
[1.096003] (my_package) StdoutLine: {'line': b'\x1b[1m\x1b[31mtest/test_math.py\x1b[0m:6: in test_add\n'}
[1.101953] (-) TimerEvent: {}
[1.141751] (my_package) StdoutLine: {'line': b'    \x1b[94massert\x1b[39;49;00m \x1b[94m3\x1b[39;49;00m + \x1b[94m3\x1b[39;49;00m == \x1b[94m5\x1b[39;49;00m\n'}
[1.141982] (my_package) StdoutLine: {'line': b'\x1b[1m\x1b[31mE   assert (3 + 3) == 5\x1b[0m\n'}
[1.142237] (my_package) StdoutLine: {'line': b'--- generated xml file: /home/sondre/ros2_ws/src/build/my_package/pytest.xml ---\n'}
[1.142484] (my_package) StdoutLine: {'line': b'=========================== short test summary info ============================\n'}
[1.142618] (my_package) StdoutLine: {'line': b'FAILED test/test_math.py::test_add - assert (3 + 3) == 5\n'}
[1.142753] (my_package) StderrLine: {'line': b'\x1b[33m=============================== warnings summary ===============================\x1b[0m\n'}
[1.142898] (my_package) StderrLine: {'line': b'test/test_flake8.py::test_flake8\n'}
[1.143036] (my_package) StderrLine: {'line': b'test/test_flake8.py::test_flake8\n'}
[1.143162] (my_package) StderrLine: {'line': b'  Warning: SelectableGroups dict interface is deprecated. Use select.\n'}
[1.143355] (my_package) StderrLine: {'line': b'\n'}
[1.143549] (my_package) StderrLine: {'line': b'-- Docs: https://docs.pytest.org/en/stable/warnings.html\n'}
[1.143703] (my_package) StdoutLine: {'line': b'\x1b[31m============== \x1b[31m\x1b[1m1 failed\x1b[0m, \x1b[32m3 passed\x1b[0m, \x1b[33m1 skipped\x1b[0m, \x1b[33m2 warnings\x1b[0m\x1b[31m in 0.40s\x1b[0m\x1b[31m ==============\x1b[0m\n'}
[1.202099] (-) TimerEvent: {}
[1.234858] (my_package) CommandEnded: {'returncode': 1}
[1.235327] (my_package) TestFailure: {'identifier': 'my_package'}
[1.235388] (my_package) JobEnded: {'identifier': 'my_package', 'rc': 0}
[1.236425] (-) EventReactorShutdown: {}
