[1m============================= test session starts ==============================[0m
platform linux -- Python 3.10.12, pytest-6.2.5, py-1.10.0, pluggy-0.13.0
cachedir: /home/sondre/ros2_ws/src/build/my_package/.pytest_cache
rootdir: /home/sondre/ros2_ws/src/my_package
plugins: ament-lint-0.12.8, ament-pep257-0.12.8, ament-flake8-0.12.8, launch-testing-1.0.4, ament-copyright-0.12.8, ament-xmllint-0.12.8, launch-testing-ros-0.19.6, colcon-core-0.15.0, cov-3.0.0
[1mcollecting ... [0m[1m
collected 5 items                                                              [0m

test/test_copyright.py [33ms[0m[32m                                                 [ 20%][0m
test/test_flake8.py [32m.[0m[33m                                                    [ 40%][0m
test/test_math.py [31mF[0m[32m.[0m[31m                                                     [ 80%][0m
test/test_pep257.py [32m.[0m[31m                                                    [100%][0m

=================================== FAILURES ===================================
[31m[1m___________________________________ test_add ___________________________________[0m
[1m[31mtest/test_math.py[0m:6: in test_add
    [94massert[39;49;00m [94m3[39;49;00m + [94m3[39;49;00m == [94m5[39;49;00m
[1m[31mE   assert (3 + 3) == 5[0m
--- generated xml file: /home/sondre/ros2_ws/src/build/my_package/pytest.xml ---
=========================== short test summary info ============================
FAILED test/test_math.py::test_add - assert (3 + 3) == 5
[31m============== [31m[1m1 failed[0m, [32m3 passed[0m, [33m1 skipped[0m, [33m2 warnings[0m[31m in 0.40s[0m[31m ==============[0m
