[0.322s] Invoking command in '/home/sondre/ros2_ws/src/my_package': AMENT_PREFIX_PATH=/home/sondre/ros2_ws/src/install/my_package:${AMENT_PREFIX_PATH} PYTEST_ADDOPTS=--tb=short --junit-xml=/home/sondre/ros2_ws/src/build/my_package/pytest.xml --junit-prefix=my_package -o cache_dir=/home/sondre/ros2_ws/src/build/my_package/.pytest_cache PYTHONPATH=/home/sondre/ros2_ws/src/install/my_package/lib/python3.10/site-packages:${PYTHONPATH} /usr/bin/python3 -m pytest
[0.740s] [1m============================= test session starts ==============================[0m
[0.740s] platform linux -- Python 3.10.12, pytest-6.2.5, py-1.10.0, pluggy-0.13.0
[0.745s] cachedir: /home/sondre/ros2_ws/src/build/my_package/.pytest_cache
[0.745s] rootdir: /home/sondre/ros2_ws/src/my_package
[0.745s] plugins: ament-lint-0.12.8, ament-pep257-0.12.8, ament-flake8-0.12.8, launch-testing-1.0.4, ament-copyright-0.12.8, ament-xmllint-0.12.8, launch-testing-ros-0.19.6, colcon-core-0.15.0, cov-3.0.0
[0.953s] [1mcollecting ... [0m[1m
[0.953s] collected 5 items                                                              [0m
[0.953s] 
[0.960s] test/test_copyright.py [33ms[0m[32m                                                 [ 20%][0m
[1.047s] test/test_flake8.py [32m.[0m[33m                                                    [ 40%][0m
[1.078s] test/test_math.py [31mF[0m[32m.[0m[31m                                                     [ 80%][0m
[1.095s] test/test_pep257.py [32m.[0m[31m                                                    [100%][0m
[1.096s] 
[1.096s] =================================== FAILURES ===================================
[1.096s] [31m[1m___________________________________ test_add ___________________________________[0m
[1.096s] [1m[31mtest/test_math.py[0m:6: in test_add
[1.142s]     [94massert[39;49;00m [94m3[39;49;00m + [94m3[39;49;00m == [94m5[39;49;00m
[1.142s] [1m[31mE   assert (3 + 3) == 5[0m
[1.142s] --- generated xml file: /home/sondre/ros2_ws/src/build/my_package/pytest.xml ---
[1.142s] =========================== short test summary info ============================
[1.143s] FAILED test/test_math.py::test_add - assert (3 + 3) == 5
[1.143s] [33m=============================== warnings summary ===============================[0m
[1.143s] test/test_flake8.py::test_flake8
[1.143s] test/test_flake8.py::test_flake8
[1.143s]   Warning: SelectableGroups dict interface is deprecated. Use select.
[1.143s] 
[1.143s] -- Docs: https://docs.pytest.org/en/stable/warnings.html
[1.144s] [31m============== [31m[1m1 failed[0m, [32m3 passed[0m, [33m1 skipped[0m, [33m2 warnings[0m[31m in 0.40s[0m[31m ==============[0m
[1.235s] Invoked command in '/home/sondre/ros2_ws/src/my_package' returned '1': AMENT_PREFIX_PATH=/home/sondre/ros2_ws/src/install/my_package:${AMENT_PREFIX_PATH} PYTEST_ADDOPTS=--tb=short --junit-xml=/home/sondre/ros2_ws/src/build/my_package/pytest.xml --junit-prefix=my_package -o cache_dir=/home/sondre/ros2_ws/src/build/my_package/.pytest_cache PYTHONPATH=/home/sondre/ros2_ws/src/install/my_package/lib/python3.10/site-packages:${PYTHONPATH} /usr/bin/python3 -m pytest
