<?xml version="1.0" encoding="utf-8"?><testsuites><testsuite name="pytest" errors="0" failures="1" skipped="1" tests="5" time="0.358" timestamp="2023-10-15T11:57:45.630183" hostname="Ubuntu-SH"><testcase classname="my_package.test.test_copyright" name="test_copyright" time="0.000"><skipped type="pytest.skip" message="No copyright header has been placed in the generated source file.">/home/sondre/ros2_ws/src/my_package/test/test_copyright.py:20: No copyright header has been placed in the generated source file.</skipped></testcase><testcase classname="my_package.test.test_flake8" name="test_flake8" time="0.086" /><testcase classname="my_package.test.test_math" name="test_add" time="0.001"><failure message="assert (3 + 3) == 5">test/test_math.py:6: in test_add
    assert 3 + 3 == 5
E   assert (3 + 3) == 5</failure></testcase><testcase classname="my_package.test.test_math" name="test_subtract" time="0.000" /><testcase classname="my_package.test.test_pep257" name="test_pep257" time="0.016" /></testsuite></testsuites>